<?xml version="1.0" encoding="UTF-8"?>
<!-- Generated by org.testng.reporters.JUnitReportReporter -->
<testsuite hostname="hms-update3" name="com.hms.APITestingUsingUnirest.Login" tests="1" failures="0" timestamp="20 Sep 2016 11:37:02 GMT" time="1.299" errors="0">
  <testcase name="Logincall" time="1.299" classname="com.hms.APITestingUsingUnirest.Login"/>
</testsuite> <!-- com.hms.APITestingUsingUnirest.Login -->
