<?xml version="1.0" encoding="UTF-8"?>
<!-- Generated by org.testng.reporters.JUnitReportReporter -->
<testsuite hostname="hms-update3" name="com.hms.APITestingUsingUnirest.Logout" tests="2" failures="0" timestamp="18 Oct 2016 09:08:05 GMT" time="2.030" errors="0">
  <testcase name="extractingmessageLogout" time="0.002" classname="com.hms.APITestingUsingUnirest.Logout"/>
  <testcase name="Logoutcall" time="2.028" classname="com.hms.APITestingUsingUnirest.Logout"/>
</testsuite> <!-- com.hms.APITestingUsingUnirest.Logout -->
