<?xml version="1.0" encoding="UTF-8"?>
<!-- Generated by org.testng.reporters.JUnitReportReporter -->
<testsuite hostname="hms-update3" name="com.hms.APITestingUsingUnirest.Practice" tests="1" failures="0" timestamp="23 Sep 2016 12:53:28 GMT" time="0.862" errors="0">
  <testcase name="Wsauthcall" time="0.862" classname="com.hms.APITestingUsingUnirest.Practice"/>
</testsuite> <!-- com.hms.APITestingUsingUnirest.Practice -->
