<?xml version="1.0" encoding="UTF-8"?>
<!-- Generated by org.testng.reporters.JUnitReportReporter -->
<testsuite hostname="hms-update3" name="com.hms.APITestingUsingUnirest.App" tests="1" failures="0" timestamp="16 Aug 2016 12:32:01 GMT" time="1.089" errors="0">
  <testcase name="call" time="1.089" classname="com.hms.APITestingUsingUnirest.App"/>
</testsuite> <!-- com.hms.APITestingUsingUnirest.App -->
