<?xml version="1.0" encoding="UTF-8"?>
<!-- Generated by org.testng.reporters.JUnitReportReporter -->
<testsuite hostname="hms-update3" name="com.hms.APITestingUsingUnirest.Wsauth" tests="1" failures="0" timestamp="18 Oct 2016 06:35:18 GMT" time="1.132" errors="0">
  <testcase name="Wsauthcall" time="1.132" classname="com.hms.APITestingUsingUnirest.Wsauth"/>
</testsuite> <!-- com.hms.APITestingUsingUnirest.Wsauth -->
