<?xml version="1.0" encoding="UTF-8"?>
<!-- Generated by org.testng.reporters.JUnitReportReporter -->
<testsuite hostname="hms-update3" name="com.hms.APITestingUsingUnirest.Getusertypes" tests="1" failures="0" timestamp="26 Nov 2016 05:53:58 GMT" time="1.623" errors="0">
  <testcase name="Getusertypescall" time="1.623" classname="com.hms.APITestingUsingUnirest.Getusertypes"/>
</testsuite> <!-- com.hms.APITestingUsingUnirest.Getusertypes -->
