<?xml version="1.0" encoding="UTF-8"?>
<!-- Generated by org.testng.reporters.JUnitReportReporter -->
<testsuite hostname="hms-update3" name="com.hms.APITestingUsingUnirest.NewTest" tests="1" failures="0" timestamp="20 Sep 2016 12:02:44 GMT" time="1.879" errors="0">
  <testcase name="f" time="1.879" classname="com.hms.APITestingUsingUnirest.NewTest"/>
</testsuite> <!-- com.hms.APITestingUsingUnirest.NewTest -->
