<?xml version="1.0" encoding="UTF-8"?>
<!-- Generated by org.testng.reporters.JUnitReportReporter -->
<testsuite hostname="hms-update3" name="com.hms.APITestingUsingUnirest.Getcounters" tests="7" failures="0" timestamp="15 Sep 2016 13:33:31 GMT" time="96.261" errors="0">
  <testcase name="extractingmessage" time="0.004" classname="com.hms.APITestingUsingUnirest.Getcounters"/>
  <testcase name="extractingWsauthKey" time="0.001" classname="com.hms.APITestingUsingUnirest.Getcounters"/>
  <testcase name="extractingdefaultcounter" time="0.006" classname="com.hms.APITestingUsingUnirest.Getcounters"/>
  <testcase name="Wsauthcall" time="0.859" classname="com.hms.APITestingUsingUnirest.Getcounters"/>
  <testcase name="disp" time="0.001" classname="com.hms.APITestingUsingUnirest.Getcounters"/>
  <testcase name="Getcounterscall" time="0.845" classname="com.hms.APITestingUsingUnirest.Getcounters"/>
  <testcase name="extractingmessagegetcounters" time="94.545" classname="com.hms.APITestingUsingUnirest.Getcounters"/>
</testsuite> <!-- com.hms.APITestingUsingUnirest.Getcounters -->
