<?xml version="1.0" encoding="UTF-8"?>
<!-- Generated by org.testng.reporters.JUnitReportReporter -->
<testsuite hostname="hms-update3" name="com.hms.APITestingUsingUnirest.Web" tests="1" failures="0" timestamp="19 Sep 2016 08:32:40 GMT" time="0.919" errors="0">
  <testcase name="wsauth" time="0.919" classname="com.hms.APITestingUsingUnirest.Web"/>
</testsuite> <!-- com.hms.APITestingUsingUnirest.Web -->
